This file contains any messages produced by compilers while
running configure, to aid debugging if configure makes a mistake.

configure:532: checking for gcc
configure:609: checking whether the C compiler (gcc -O3 ) works
configure:623: gcc -o conftest -O3   conftest.c  1>&5
configure:643: checking whether the C compiler (gcc -O3 ) is a cross-compiler
configure:648: checking whether we are using GNU C
configure:657: gcc -E conftest.c
configure:672: checking whether gcc accepts -g
configure:701: checking how to run the C preprocessor
configure:722: gcc -E  conftest.c >/dev/null 2>conftest.out
configure:762: checking for AIX
configure:793: checking for ranlib
configure:821: checking for ANSI C header files
configure:834: gcc -E  conftest.c >/dev/null 2>conftest.out
configure:901: gcc -o conftest -O3 -g -Wall -Wcast-qual -Wshadow -Wpointer-arith -Wmissing-prototypes   conftest.c  1>&5
configure: In function 'main':
configure:896: warning: implicit declaration of function 'exit'
configure:896: warning: incompatible implicit declaration of built-in function 'exit'
configure:926: checking for working const
configure:980: gcc -c -O3 -g -Wall -Wcast-qual -Wshadow -Wpointer-arith -Wmissing-prototypes  conftest.c 1>&5
configure: In function 'main':
configure:950: warning: cast discards qualifiers from pointer target type
configure:954: warning: unused variable 's'
configure:959: warning: declaration of 'x' shadows a previous local
configure:936: warning: shadowed declaration is here
configure:965: warning: declaration of 'p' shadows a previous local
configure:939: warning: shadowed declaration is here
configure:974: warning: unused variable 'foo'
configure:942: warning: unused variable 'zero'
configure:936: warning: unused variable 'x'
configure:956: warning: 't' is used uninitialized in this function
configure:971: warning: 'b' is used uninitialized in this function
configure:1001: checking for size_t
configure:1034: checking size of short
configure:1053: gcc -o conftest -O3 -g -Wall -Wcast-qual -Wshadow -Wpointer-arith -Wmissing-prototypes   conftest.c  1>&5
configure:1045: warning: return type defaults to 'int'
configure: In function 'main':
configure:1047: warning: implicit declaration of function 'exit'
configure:1047: warning: incompatible implicit declaration of built-in function 'exit'
configure:1048: warning: format '%d' expects type 'int', but argument 3 has type 'long unsigned int'
configure:1073: checking size of int
configure:1092: gcc -o conftest -O3 -g -Wall -Wcast-qual -Wshadow -Wpointer-arith -Wmissing-prototypes   conftest.c  1>&5
configure:1084: warning: return type defaults to 'int'
configure: In function 'main':
configure:1086: warning: implicit declaration of function 'exit'
configure:1086: warning: incompatible implicit declaration of built-in function 'exit'
configure:1087: warning: format '%d' expects type 'int', but argument 3 has type 'long unsigned int'
configure:1112: checking size of long
configure:1131: gcc -o conftest -O3 -g -Wall -Wcast-qual -Wshadow -Wpointer-arith -Wmissing-prototypes   conftest.c  1>&5
configure:1123: warning: return type defaults to 'int'
configure: In function 'main':
configure:1125: warning: implicit declaration of function 'exit'
configure:1125: warning: incompatible implicit declaration of built-in function 'exit'
configure:1126: warning: format '%d' expects type 'int', but argument 3 has type 'long unsigned int'
configure:1151: checking size of void*
configure:1170: gcc -o conftest -O3 -g -Wall -Wcast-qual -Wshadow -Wpointer-arith -Wmissing-prototypes   conftest.c  1>&5
configure:1162: warning: return type defaults to 'int'
configure: In function 'main':
configure:1164: warning: implicit declaration of function 'exit'
configure:1164: warning: incompatible implicit declaration of built-in function 'exit'
configure:1165: warning: format '%d' expects type 'int', but argument 3 has type 'long unsigned int'
configure:1195: checking for random
configure:1223: gcc -o conftest -O3 -g -Wall -Wcast-qual -Wshadow -Wpointer-arith -Wmissing-prototypes   conftest.c  1>&5
configure:1195: checking for modf
configure:1223: gcc -o conftest -O3 -g -Wall -Wcast-qual -Wshadow -Wpointer-arith -Wmissing-prototypes   conftest.c  1>&5
configure:1207: warning: conflicting types for built-in function 'modf'
configure:1346: checking if random is defined in stdlib.h
configure:1373: checking whether make sets ${MAKE}
